Arguments: 
  /Users/empty/.nvm/versions/node/v12.14.1/bin/node /Users/empty/.nvm/versions/node/v12.14.1/bin/yarn add express

PATH: 
  /Users/empty/.nvm/versions/node/v12.14.1/bin:/usr/local/bin:/usr/bin:/bin:/usr/sbin:/sbin

Yarn version: 
  1.22.4

Node version: 
  12.14.1

Platform: 
  darwin x64

Trace: 
  Error: https://registry.yarnpkg.com/express: ETIMEDOUT
      at Timeout._onTimeout (/Users/empty/.nvm/versions/node/v12.14.1/lib/node_modules/yarn/lib/cli.js:141408:19)
      at listOnTimeout (internal/timers.js:531:17)
      at processTimers (internal/timers.js:475:7)

npm manifest: 
  {
    "dependencies": {
      "jQuery": "^1.6.2"
    }
  }

yarn manifest: 
  No manifest

Lockfile: 
  # THIS IS AN AUTOGENERATED FILE. DO NOT EDIT THIS FILE DIRECTLY.
  # yarn lockfile v1
  
  
  jQuery@^1.6.2:
    version "1.6.2"
    resolved "http://registry.npm.taobao.org/jQuery/download/jQuery-1.6.2.tgz#0358db32ea0d2653bda6ff7dae5b4c1d62ec780c"
    integrity sha1-A1jbMuoNJlO9pv99rltMHWLseAw=
